<?xml version="1.0" encoding="UTF-8"?>
<testsuite xmlns:xsi="http://www.w3.org/2001/XMLSchema-instance" xsi:noNamespaceSchemaLocation="https://maven.apache.org/surefire/maven-surefire-plugin/xsd/surefire-test-report-3.0.xsd" version="3.0" name="com.syncstudy.service.AvailabilityIntersectionServiceTest$IsSlotCoveredByCommon" time="0.013" tests="5" errors="0" skipped="0" failures="0">
  <properties>
[...]
</properties>
  <testcase name="slotOverflowsEnd_returnsFalse" classname="com.syncstudy.service.AvailabilityIntersectionServiceTest$IsSlotCoveredByCommon" time="0.003"/>
  <testcase name="slotExactlyEqual_returnsTrue" classname="com.syncstudy.service.AvailabilityIntersectionServiceTest$IsSlotCoveredByCommon" time="0.001"/>
  <testcase name="emptyCommonSlots_returnsFalse" classname="com.syncstudy.service.AvailabilityIntersectionServiceTest$IsSlotCoveredByCommon" time="0.001"/>
  <testcase name="slotFullyCovered_returnsTrue" classname="com.syncstudy.service.AvailabilityIntersectionServiceTest$IsSlotCoveredByCommon" time="0.001"/>
  <testcase name="slotOverflowsStart_returnsFalse" classname="com.syncstudy.service.AvailabilityIntersectionServiceTest$IsSlotCoveredByCommon" time="0.002"/>
</testsuite>